<?xml version="1.0" encoding="UTF-8"?>
<!-- Generated by org.testng.reporters.JUnitXMLReporter -->
<testsuite ignored="4" hostname="LTIN281028" failures="3" tests="14" name="ChromeTest" time="105.932" errors="0" timestamp="2024-02-28T16:44:13 IST">
  <testcase classname="TestCases.TC_001_FindDoctors" name="TC_001_verifyPractoPage" time="0.079"/>
  <testcase classname="TestCases.TC_001_FindDoctors" name="TC_002_verifyFindDoctorbtn" time="4.614"/>
  <testcase classname="TestCases.TC_001_FindDoctors" name="TC_003_searchCity" time="0.577"/>
  <testcase classname="TestCases.TC_001_FindDoctors" name="TC_004_searchSpecialityDentist" time="6.912"/>
  <testcase classname="TestCases.TC_001_FindDoctors" name="TC_005_selectPatientStory" time="1.336"/>
  <testcase classname="TestCases.TC_001_FindDoctors" name="TC_006_selectExperience" time="1.496"/>
  <testcase classname="TestCases.TC_001_FindDoctors" name="TC_007_selectFeesandAvailability" time="4.393"/>
  <testcase classname="TestCases.TC_001_FindDoctors" name="TC_008_selectRelevance" time="2.8"/>
  <testcase classname="TestCases.TC_001_FindDoctors" name="TC_09_extractDoctorDetails" time="6.578">
    <failure type="java.lang.IndexOutOfBoundsException" message="Index 2 out of bounds for length 2">
      <![CDATA[java.lang.IndexOutOfBoundsException: Index 2 out of bounds for length 2
at java.base/jdk.internal.util.Preconditions.outOfBounds(Preconditions.java:64)
at java.base/jdk.internal.util.Preconditions.outOfBoundsCheckIndex(Preconditions.java:70)
at java.base/jdk.internal.util.Preconditions.checkIndex(Preconditions.java:248)
at java.base/java.util.Objects.checkIndex(Objects.java:373)
at java.base/java.util.ArrayList.get(ArrayList.java:425)
at org.openqa.selenium.support.pagefactory.internal.LocatingElementListHandler.invoke(LocatingElementListHandler.java:39)
at com.sun.proxy.$Proxy28.get(Unknown Source)
at PageObject.FindDoctorsPage.extractDoctorsDetails(FindDoctorsPage.java:165)
at TestCases.TC_001_FindDoctors.TC_09_extractDoctorDetails(TC_001_FindDoctors.java:103)
at java.base/java.util.ArrayList.forEach(ArrayList.java:1507)
... Removed 35 stack frames]]>
    </failure>
  </testcase> <!-- TC_09_extractDoctorDetails -->
  <testcase classname="TestCases.TC_002_PopularSurgeries" name="TC_010_displayAllSurgeries" time="4.939">
    <failure type="java.lang.IllegalArgumentException" message="The workbook already contains a sheet named &amp;apos;List of Surgeries&amp;apos;">
      <![CDATA[java.lang.IllegalArgumentException: The workbook already contains a sheet named 'List of Surgeries'
at org.apache.poi.xssf.usermodel.XSSFWorkbook.validateSheetName(XSSFWorkbook.java:959)
at org.apache.poi.xssf.usermodel.XSSFWorkbook.createSheet(XSSFWorkbook.java:903)
at Utilities.ExcelUtils.saveToExcelSurgeriesList(ExcelUtils.java:51)
at TestCases.TC_002_PopularSurgeries.TC_010_displayAllSurgeries(TC_002_PopularSurgeries.java:31)
at java.base/java.util.ArrayList.forEach(ArrayList.java:1507)
... Removed 31 stack frames]]>
    </failure>
  </testcase> <!-- TC_010_displayAllSurgeries -->
  <testcase classname="TestCases.TC_003_HealthandWellness" name="TC_011_verifywithInavlidPhoneNumber" time="7.727"/>
  <testcase classname="TestCases.TC_003_HealthandWellness" name="TC_012_verifywithInvalidEmailId" time="0.476"/>
  <testcase classname="TestCases.TC_003_HealthandWellness" name="TC_013_verifywithValidInfo" time="0.499"/>
  <testcase classname="TestCases.TC_003_HealthandWellness" name="TC_014_verifyThankYouTxt" time="31.251">
    <failure type="org.openqa.selenium.NoSuchElementException" message="no such element: Unable to locate element: {&amp;quot;method&amp;quot;:&amp;quot;xpath&amp;quot;,&amp;quot;selector&amp;quot;:&amp;quot;(//div[text()=&amp;apos;THANK YOU&amp;apos;])[1]&amp;quot;}
  (Session info: chrome=120.0.6099.130)
For documentation on this error, please visit: https://www.selenium.dev/documentation/webdriver/troubleshooting/errors#no-such-element-exception
Build info: version: &amp;apos;4.16.1&amp;apos;, revision: &amp;apos;9b4c83354e&amp;apos;
System info: os.name: &amp;apos;Windows 10&amp;apos;, os.arch: &amp;apos;amd64&amp;apos;, os.version: &amp;apos;10.0&amp;apos;, java.version: &amp;apos;13.0.2&amp;apos;
Driver info: org.openqa.selenium.chrome.ChromeDriver
Command: [d626008db40d631260ebd75f942125a1, findElement {using=xpath, value=(//div[text()=&amp;apos;THANK YOU&amp;apos;])[1]}]
Capabilities {acceptInsecureCerts: false, browserName: chrome, browserVersion: 120.0.6099.130, chrome: {chromedriverVersion: 120.0.6099.109 (3419140ab66..., userDataDir: C:\Users\2303748\AppData\Lo...}, fedcm:accounts: true, goog:chromeOptions: {debuggerAddress: localhost:65128}, networkConnectionEnabled: false, pageLoadStrategy: normal, platformName: windows, proxy: Proxy(), se:cdp: ws://localhost:65128/devtoo..., se:cdpVersion: 120.0.6099.130, setWindowRect: true, strictFileInteractability: false, timeouts: {implicit: 0, pageLoad: 300000, script: 30000}, unhandledPromptBehavior: dismiss and notify, webauthn:extension:credBlob: true, webauthn:extension:largeBlob: true, webauthn:extension:minPinLength: true, webauthn:extension:prf: true, webauthn:virtualAuthenticators: true}
Session ID: d626008db40d631260ebd75f942125a1">
      <![CDATA[org.openqa.selenium.NoSuchElementException: no such element: Unable to locate element: {"method":"xpath","selector":"(//div[text()='THANK YOU'])[1]"}
  (Session info: chrome=120.0.6099.130)
For documentation on this error, please visit: https://www.selenium.dev/documentation/webdriver/troubleshooting/errors#no-such-element-exception
Build info: version: '4.16.1', revision: '9b4c83354e'
System info: os.name: 'Windows 10', os.arch: 'amd64', os.version: '10.0', java.version: '13.0.2'
Driver info: org.openqa.selenium.chrome.ChromeDriver
Command: [d626008db40d631260ebd75f942125a1, findElement {using=xpath, value=(//div[text()='THANK YOU'])[1]}]
Capabilities {acceptInsecureCerts: false, browserName: chrome, browserVersion: 120.0.6099.130, chrome: {chromedriverVersion: 120.0.6099.109 (3419140ab66..., userDataDir: C:\Users\2303748\AppData\Lo...}, fedcm:accounts: true, goog:chromeOptions: {debuggerAddress: localhost:65128}, networkConnectionEnabled: false, pageLoadStrategy: normal, platformName: windows, proxy: Proxy(), se:cdp: ws://localhost:65128/devtoo..., se:cdpVersion: 120.0.6099.130, setWindowRect: true, strictFileInteractability: false, timeouts: {implicit: 0, pageLoad: 300000, script: 30000}, unhandledPromptBehavior: dismiss and notify, webauthn:extension:credBlob: true, webauthn:extension:largeBlob: true, webauthn:extension:minPinLength: true, webauthn:extension:prf: true, webauthn:virtualAuthenticators: true}
Session ID: d626008db40d631260ebd75f942125a1
at org.openqa.selenium.remote.codec.w3c.W3CHttpResponseCodec.createException(W3CHttpResponseCodec.java:200)
at org.openqa.selenium.remote.codec.w3c.W3CHttpResponseCodec.decode(W3CHttpResponseCodec.java:133)
at org.openqa.selenium.remote.codec.w3c.W3CHttpResponseCodec.decode(W3CHttpResponseCodec.java:52)
at org.openqa.selenium.remote.HttpCommandExecutor.execute(HttpCommandExecutor.java:191)
at org.openqa.selenium.remote.service.DriverCommandExecutor.invokeExecute(DriverCommandExecutor.java:200)
at org.openqa.selenium.remote.service.DriverCommandExecutor.execute(DriverCommandExecutor.java:175)
at org.openqa.selenium.remote.RemoteWebDriver.execute(RemoteWebDriver.java:523)
at org.openqa.selenium.remote.ElementLocation$ElementFinder$2.findElement(ElementLocation.java:165)
at org.openqa.selenium.remote.ElementLocation.findElement(ElementLocation.java:59)
at org.openqa.selenium.remote.RemoteWebDriver.findElement(RemoteWebDriver.java:360)
at org.openqa.selenium.remote.RemoteWebDriver.findElement(RemoteWebDriver.java:354)
at org.openqa.selenium.support.pagefactory.DefaultElementLocator.findElement(DefaultElementLocator.java:68)
at org.openqa.selenium.support.pagefactory.internal.LocatingElementHandler.invoke(LocatingElementHandler.java:38)
at com.sun.proxy.$Proxy27.getText(Unknown Source)
at PageObject.HealthandWellnessPage.getDisplayedMsg(HealthandWellnessPage.java:114)
at TestCases.TC_003_HealthandWellness.TC_014_verifyThankYouTxt(TC_003_HealthandWellness.java:50)
at java.base/java.util.ArrayList.forEach(ArrayList.java:1507)
... Removed 36 stack frames]]>
    </failure>
  </testcase> <!-- TC_014_verifyThankYouTxt -->
  <testcase classname="TestBase.BaseClass" name="@BeforeTest setupDriver" time="0.0">
    <ignored/>
  </testcase> <!-- @BeforeTest setupDriver -->
  <testcase classname="TestBase.BaseClass" name="@BeforeTest setupDriver" time="0.0">
    <ignored/>
  </testcase> <!-- @BeforeTest setupDriver -->
  <testcase classname="TestBase.BaseClass" name="@AfterTest tearDown" time="0.0">
    <ignored/>
  </testcase> <!-- @AfterTest tearDown -->
  <testcase classname="TestBase.BaseClass" name="@AfterTest tearDown" time="0.0">
    <ignored/>
  </testcase> <!-- @AfterTest tearDown -->
</testsuite> <!-- ChromeTest -->
