<?xml version="1.0" encoding="UTF-8"?>
<testng-results ignored="4" total="18" passed="11" failed="3" skipped="0">
  <reporter-output>
  </reporter-output>
  <suite started-at="2024-02-28T16:42:27 IST" name="Suite" finished-at="2024-02-28T16:44:13 IST" duration-ms="105932">
    <groups>
      <group name="regression">
        <method signature="TC_001_FindDoctors.TC_002_verifyFindDoctorbtn()[pri:2, instance:TestCases.TC_001_FindDoctors@384ad17b]" name="TC_002_verifyFindDoctorbtn" class="TestCases.TC_001_FindDoctors"/>
        <method signature="TC_001_FindDoctors.TC_003_searchCity()[pri:3, instance:TestCases.TC_001_FindDoctors@384ad17b]" name="TC_003_searchCity" class="TestCases.TC_001_FindDoctors"/>
        <method signature="TC_001_FindDoctors.TC_004_searchSpecialityDentist()[pri:4, instance:TestCases.TC_001_FindDoctors@384ad17b]" name="TC_004_searchSpecialityDentist" class="TestCases.TC_001_FindDoctors"/>
        <method signature="TC_001_FindDoctors.TC_005_selectPatientStory()[pri:5, instance:TestCases.TC_001_FindDoctors@384ad17b]" name="TC_005_selectPatientStory" class="TestCases.TC_001_FindDoctors"/>
        <method signature="TC_001_FindDoctors.TC_006_selectExperience()[pri:6, instance:TestCases.TC_001_FindDoctors@384ad17b]" name="TC_006_selectExperience" class="TestCases.TC_001_FindDoctors"/>
        <method signature="TC_001_FindDoctors.TC_007_selectFeesandAvailability()[pri:7, instance:TestCases.TC_001_FindDoctors@384ad17b]" name="TC_007_selectFeesandAvailability" class="TestCases.TC_001_FindDoctors"/>
        <method signature="TC_001_FindDoctors.TC_008_selectRelevance()[pri:8, instance:TestCases.TC_001_FindDoctors@384ad17b]" name="TC_008_selectRelevance" class="TestCases.TC_001_FindDoctors"/>
        <method signature="TC_001_FindDoctors.TC_09_extractDoctorDetails()[pri:9, instance:TestCases.TC_001_FindDoctors@384ad17b]" name="TC_09_extractDoctorDetails" class="TestCases.TC_001_FindDoctors"/>
        <method signature="TC_002_PopularSurgeries.TC_010_displayAllSurgeries()[pri:10, instance:TestCases.TC_002_PopularSurgeries@52e6fdee]" name="TC_010_displayAllSurgeries" class="TestCases.TC_002_PopularSurgeries"/>
      </group> <!-- regression -->
      <group name="sanity">
        <method signature="TC_001_FindDoctors.TC_001_verifyPractoPage()[pri:1, instance:TestCases.TC_001_FindDoctors@384ad17b]" name="TC_001_verifyPractoPage" class="TestCases.TC_001_FindDoctors"/>
        <method signature="TC_003_HealthandWellness.TC_011_verifywithInavlidPhoneNumber()[pri:11, instance:TestCases.TC_003_HealthandWellness@6c80d78a]" name="TC_011_verifywithInavlidPhoneNumber" class="TestCases.TC_003_HealthandWellness"/>
        <method signature="TC_003_HealthandWellness.TC_012_verifywithInvalidEmailId()[pri:12, instance:TestCases.TC_003_HealthandWellness@6c80d78a]" name="TC_012_verifywithInvalidEmailId" class="TestCases.TC_003_HealthandWellness"/>
        <method signature="TC_003_HealthandWellness.TC_013_verifywithValidInfo()[pri:13, instance:TestCases.TC_003_HealthandWellness@6c80d78a]" name="TC_013_verifywithValidInfo" class="TestCases.TC_003_HealthandWellness"/>
        <method signature="TC_003_HealthandWellness.TC_014_verifyThankYouTxt()[pri:14, instance:TestCases.TC_003_HealthandWellness@6c80d78a]" name="TC_014_verifyThankYouTxt" class="TestCases.TC_003_HealthandWellness"/>
      </group> <!-- sanity -->
      <group name="master">
        <method signature="TC_001_FindDoctors.TC_001_verifyPractoPage()[pri:1, instance:TestCases.TC_001_FindDoctors@384ad17b]" name="TC_001_verifyPractoPage" class="TestCases.TC_001_FindDoctors"/>
        <method signature="TC_001_FindDoctors.TC_002_verifyFindDoctorbtn()[pri:2, instance:TestCases.TC_001_FindDoctors@384ad17b]" name="TC_002_verifyFindDoctorbtn" class="TestCases.TC_001_FindDoctors"/>
        <method signature="TC_001_FindDoctors.TC_003_searchCity()[pri:3, instance:TestCases.TC_001_FindDoctors@384ad17b]" name="TC_003_searchCity" class="TestCases.TC_001_FindDoctors"/>
        <method signature="TC_001_FindDoctors.TC_004_searchSpecialityDentist()[pri:4, instance:TestCases.TC_001_FindDoctors@384ad17b]" name="TC_004_searchSpecialityDentist" class="TestCases.TC_001_FindDoctors"/>
        <method signature="TC_001_FindDoctors.TC_005_selectPatientStory()[pri:5, instance:TestCases.TC_001_FindDoctors@384ad17b]" name="TC_005_selectPatientStory" class="TestCases.TC_001_FindDoctors"/>
        <method signature="TC_001_FindDoctors.TC_006_selectExperience()[pri:6, instance:TestCases.TC_001_FindDoctors@384ad17b]" name="TC_006_selectExperience" class="TestCases.TC_001_FindDoctors"/>
        <method signature="TC_001_FindDoctors.TC_007_selectFeesandAvailability()[pri:7, instance:TestCases.TC_001_FindDoctors@384ad17b]" name="TC_007_selectFeesandAvailability" class="TestCases.TC_001_FindDoctors"/>
        <method signature="TC_001_FindDoctors.TC_008_selectRelevance()[pri:8, instance:TestCases.TC_001_FindDoctors@384ad17b]" name="TC_008_selectRelevance" class="TestCases.TC_001_FindDoctors"/>
        <method signature="TC_001_FindDoctors.TC_09_extractDoctorDetails()[pri:9, instance:TestCases.TC_001_FindDoctors@384ad17b]" name="TC_09_extractDoctorDetails" class="TestCases.TC_001_FindDoctors"/>
        <method signature="TC_002_PopularSurgeries.TC_010_displayAllSurgeries()[pri:10, instance:TestCases.TC_002_PopularSurgeries@52e6fdee]" name="TC_010_displayAllSurgeries" class="TestCases.TC_002_PopularSurgeries"/>
        <method signature="TC_003_HealthandWellness.TC_011_verifywithInavlidPhoneNumber()[pri:11, instance:TestCases.TC_003_HealthandWellness@6c80d78a]" name="TC_011_verifywithInavlidPhoneNumber" class="TestCases.TC_003_HealthandWellness"/>
        <method signature="TC_003_HealthandWellness.TC_012_verifywithInvalidEmailId()[pri:12, instance:TestCases.TC_003_HealthandWellness@6c80d78a]" name="TC_012_verifywithInvalidEmailId" class="TestCases.TC_003_HealthandWellness"/>
        <method signature="TC_003_HealthandWellness.TC_013_verifywithValidInfo()[pri:13, instance:TestCases.TC_003_HealthandWellness@6c80d78a]" name="TC_013_verifywithValidInfo" class="TestCases.TC_003_HealthandWellness"/>
        <method signature="TC_003_HealthandWellness.TC_014_verifyThankYouTxt()[pri:14, instance:TestCases.TC_003_HealthandWellness@6c80d78a]" name="TC_014_verifyThankYouTxt" class="TestCases.TC_003_HealthandWellness"/>
      </group> <!-- master -->
    </groups>
    <test started-at="2024-02-28T16:42:27 IST" name="ChromeTest" finished-at="2024-02-28T16:44:13 IST" duration-ms="105932">
      <class name="TestCases.TC_003_HealthandWellness">
        <test-method signature="TC_011_verifywithInavlidPhoneNumber()[pri:11, instance:TestCases.TC_003_HealthandWellness@6c80d78a]" started-at="2024-02-28T16:43:31 IST" name="TC_011_verifywithInavlidPhoneNumber" finished-at="2024-02-28T16:43:38 IST" duration-ms="7727" status="PASS">
          <reporter-output>
          </reporter-output>
        </test-method> <!-- TC_011_verifywithInavlidPhoneNumber -->
        <test-method signature="TC_012_verifywithInvalidEmailId()[pri:12, instance:TestCases.TC_003_HealthandWellness@6c80d78a]" started-at="2024-02-28T16:43:39 IST" name="TC_012_verifywithInvalidEmailId" finished-at="2024-02-28T16:43:39 IST" duration-ms="476" status="PASS">
          <reporter-output>
          </reporter-output>
        </test-method> <!-- TC_012_verifywithInvalidEmailId -->
        <test-method signature="TC_013_verifywithValidInfo()[pri:13, instance:TestCases.TC_003_HealthandWellness@6c80d78a]" started-at="2024-02-28T16:43:40 IST" name="TC_013_verifywithValidInfo" finished-at="2024-02-28T16:43:40 IST" duration-ms="499" status="PASS">
          <reporter-output>
          </reporter-output>
        </test-method> <!-- TC_013_verifywithValidInfo -->
        <test-method signature="TC_014_verifyThankYouTxt()[pri:14, instance:TestCases.TC_003_HealthandWellness@6c80d78a]" started-at="2024-02-28T16:43:40 IST" name="TC_014_verifyThankYouTxt" finished-at="2024-02-28T16:44:12 IST" duration-ms="31251" status="FAIL">
          <exception class="org.openqa.selenium.NoSuchElementException">
            <message>
              <![CDATA[no such element: Unable to locate element: {"method":"xpath","selector":"(//div[text()='THANK YOU'])[1]"}
  (Session info: chrome=120.0.6099.130)
For documentation on this error, please visit: https://www.selenium.dev/documentation/webdriver/troubleshooting/errors#no-such-element-exception
Build info: version: '4.16.1', revision: '9b4c83354e'
System info: os.name: 'Windows 10', os.arch: 'amd64', os.version: '10.0', java.version: '13.0.2'
Driver info: org.openqa.selenium.chrome.ChromeDriver
Command: [d626008db40d631260ebd75f942125a1, findElement {using=xpath, value=(//div[text()='THANK YOU'])[1]}]
Capabilities {acceptInsecureCerts: false, browserName: chrome, browserVersion: 120.0.6099.130, chrome: {chromedriverVersion: 120.0.6099.109 (3419140ab66..., userDataDir: C:\Users\2303748\AppData\Lo...}, fedcm:accounts: true, goog:chromeOptions: {debuggerAddress: localhost:65128}, networkConnectionEnabled: false, pageLoadStrategy: normal, platformName: windows, proxy: Proxy(), se:cdp: ws://localhost:65128/devtoo..., se:cdpVersion: 120.0.6099.130, setWindowRect: true, strictFileInteractability: false, timeouts: {implicit: 0, pageLoad: 300000, script: 30000}, unhandledPromptBehavior: dismiss and notify, webauthn:extension:credBlob: true, webauthn:extension:largeBlob: true, webauthn:extension:minPinLength: true, webauthn:extension:prf: true, webauthn:virtualAuthenticators: true}
Session ID: d626008db40d631260ebd75f942125a1]]>
            </message>
            <full-stacktrace>
              <![CDATA[org.openqa.selenium.NoSuchElementException: no such element: Unable to locate element: {"method":"xpath","selector":"(//div[text()='THANK YOU'])[1]"}
  (Session info: chrome=120.0.6099.130)
For documentation on this error, please visit: https://www.selenium.dev/documentation/webdriver/troubleshooting/errors#no-such-element-exception
Build info: version: '4.16.1', revision: '9b4c83354e'
System info: os.name: 'Windows 10', os.arch: 'amd64', os.version: '10.0', java.version: '13.0.2'
Driver info: org.openqa.selenium.chrome.ChromeDriver
Command: [d626008db40d631260ebd75f942125a1, findElement {using=xpath, value=(//div[text()='THANK YOU'])[1]}]
Capabilities {acceptInsecureCerts: false, browserName: chrome, browserVersion: 120.0.6099.130, chrome: {chromedriverVersion: 120.0.6099.109 (3419140ab66..., userDataDir: C:\Users\2303748\AppData\Lo...}, fedcm:accounts: true, goog:chromeOptions: {debuggerAddress: localhost:65128}, networkConnectionEnabled: false, pageLoadStrategy: normal, platformName: windows, proxy: Proxy(), se:cdp: ws://localhost:65128/devtoo..., se:cdpVersion: 120.0.6099.130, setWindowRect: true, strictFileInteractability: false, timeouts: {implicit: 0, pageLoad: 300000, script: 30000}, unhandledPromptBehavior: dismiss and notify, webauthn:extension:credBlob: true, webauthn:extension:largeBlob: true, webauthn:extension:minPinLength: true, webauthn:extension:prf: true, webauthn:virtualAuthenticators: true}
Session ID: d626008db40d631260ebd75f942125a1
at java.base/jdk.internal.reflect.NativeConstructorAccessorImpl.newInstance0(Native Method)
at java.base/jdk.internal.reflect.NativeConstructorAccessorImpl.newInstance(NativeConstructorAccessorImpl.java:62)
at java.base/jdk.internal.reflect.DelegatingConstructorAccessorImpl.newInstance(DelegatingConstructorAccessorImpl.java:45)
at java.base/java.lang.reflect.Constructor.newInstanceWithCaller(Constructor.java:500)
at java.base/java.lang.reflect.Constructor.newInstance(Constructor.java:481)
at org.openqa.selenium.remote.codec.w3c.W3CHttpResponseCodec.createException(W3CHttpResponseCodec.java:200)
at org.openqa.selenium.remote.codec.w3c.W3CHttpResponseCodec.decode(W3CHttpResponseCodec.java:133)
at org.openqa.selenium.remote.codec.w3c.W3CHttpResponseCodec.decode(W3CHttpResponseCodec.java:52)
at org.openqa.selenium.remote.HttpCommandExecutor.execute(HttpCommandExecutor.java:191)
at org.openqa.selenium.remote.service.DriverCommandExecutor.invokeExecute(DriverCommandExecutor.java:200)
at org.openqa.selenium.remote.service.DriverCommandExecutor.execute(DriverCommandExecutor.java:175)
at org.openqa.selenium.remote.RemoteWebDriver.execute(RemoteWebDriver.java:523)
at org.openqa.selenium.remote.ElementLocation$ElementFinder$2.findElement(ElementLocation.java:165)
at org.openqa.selenium.remote.ElementLocation.findElement(ElementLocation.java:59)
at org.openqa.selenium.remote.RemoteWebDriver.findElement(RemoteWebDriver.java:360)
at org.openqa.selenium.remote.RemoteWebDriver.findElement(RemoteWebDriver.java:354)
at org.openqa.selenium.support.pagefactory.DefaultElementLocator.findElement(DefaultElementLocator.java:68)
at org.openqa.selenium.support.pagefactory.internal.LocatingElementHandler.invoke(LocatingElementHandler.java:38)
at com.sun.proxy.$Proxy27.getText(Unknown Source)
at PageObject.HealthandWellnessPage.getDisplayedMsg(HealthandWellnessPage.java:114)
at TestCases.TC_003_HealthandWellness.TC_014_verifyThankYouTxt(TC_003_HealthandWellness.java:50)
at java.base/jdk.internal.reflect.NativeMethodAccessorImpl.invoke0(Native Method)
at java.base/jdk.internal.reflect.NativeMethodAccessorImpl.invoke(NativeMethodAccessorImpl.java:62)
at java.base/jdk.internal.reflect.DelegatingMethodAccessorImpl.invoke(DelegatingMethodAccessorImpl.java:43)
at java.base/java.lang.reflect.Method.invoke(Method.java:567)
at org.testng.internal.MethodInvocationHelper.invokeMethod(MethodInvocationHelper.java:133)
at org.testng.internal.TestInvoker.invokeMethod(TestInvoker.java:598)
at org.testng.internal.TestInvoker.invokeTestMethod(TestInvoker.java:173)
at org.testng.internal.MethodRunner.runInSequence(MethodRunner.java:46)
at org.testng.internal.TestInvoker$MethodInvocationAgent.invoke(TestInvoker.java:824)
at org.testng.internal.TestInvoker.invokeTestMethods(TestInvoker.java:146)
at org.testng.internal.TestMethodWorker.invokeTestMethods(TestMethodWorker.java:146)
at org.testng.internal.TestMethodWorker.run(TestMethodWorker.java:128)
at java.base/java.util.ArrayList.forEach(ArrayList.java:1507)
at org.testng.TestRunner.privateRun(TestRunner.java:794)
at org.testng.TestRunner.run(TestRunner.java:596)
at org.testng.SuiteRunner.runTest(SuiteRunner.java:377)
at org.testng.SuiteRunner.runSequentially(SuiteRunner.java:371)
at org.testng.SuiteRunner.privateRun(SuiteRunner.java:332)
at org.testng.SuiteRunner.run(SuiteRunner.java:276)
at org.testng.SuiteRunnerWorker.runSuite(SuiteRunnerWorker.java:53)
at org.testng.SuiteRunnerWorker.run(SuiteRunnerWorker.java:96)
at org.testng.TestNG.runSuitesSequentially(TestNG.java:1212)
at org.testng.TestNG.runSuitesLocally(TestNG.java:1134)
at org.testng.TestNG.runSuites(TestNG.java:1063)
at org.testng.TestNG.run(TestNG.java:1031)
at org.apache.maven.surefire.testng.TestNGExecutor.run(TestNGExecutor.java:308)
at org.apache.maven.surefire.testng.TestNGXmlTestSuite.execute(TestNGXmlTestSuite.java:71)
at org.apache.maven.surefire.testng.TestNGProvider.invoke(TestNGProvider.java:113)
at org.apache.maven.surefire.booter.ForkedBooter.runSuitesInProcess(ForkedBooter.java:385)
at org.apache.maven.surefire.booter.ForkedBooter.execute(ForkedBooter.java:162)
at org.apache.maven.surefire.booter.ForkedBooter.run(ForkedBooter.java:507)
at org.apache.maven.surefire.booter.ForkedBooter.main(ForkedBooter.java:495)
]]>
            </full-stacktrace>
          </exception> <!-- org.openqa.selenium.NoSuchElementException -->
          <reporter-output>
          </reporter-output>
        </test-method> <!-- TC_014_verifyThankYouTxt -->
      </class> <!-- TestCases.TC_003_HealthandWellness -->
      <class name="TestCases.TC_001_FindDoctors">
        <test-method is-config="true" signature="setupDriver(java.lang.String,java.lang.String)[pri:0, instance:TestCases.TC_001_FindDoctors@384ad17b]" started-at="2024-02-28T16:42:28 IST" name="setupDriver" finished-at="2024-02-28T16:42:47 IST" duration-ms="19077" status="PASS">
          <params>
            <param index="0">
              <value>
                <![CDATA[windows]]>
              </value>
            </param>
            <param index="1">
              <value>
                <![CDATA[chrome]]>
              </value>
            </param>
          </params>
          <reporter-output>
          </reporter-output>
        </test-method> <!-- setupDriver -->
        <test-method signature="TC_001_verifyPractoPage()[pri:1, instance:TestCases.TC_001_FindDoctors@384ad17b]" started-at="2024-02-28T16:42:47 IST" name="TC_001_verifyPractoPage" finished-at="2024-02-28T16:42:47 IST" duration-ms="79" status="PASS">
          <reporter-output>
          </reporter-output>
        </test-method> <!-- TC_001_verifyPractoPage -->
        <test-method signature="TC_002_verifyFindDoctorbtn()[pri:2, instance:TestCases.TC_001_FindDoctors@384ad17b]" started-at="2024-02-28T16:42:48 IST" name="TC_002_verifyFindDoctorbtn" finished-at="2024-02-28T16:42:52 IST" duration-ms="4614" status="PASS">
          <reporter-output>
          </reporter-output>
        </test-method> <!-- TC_002_verifyFindDoctorbtn -->
        <test-method signature="TC_003_searchCity()[pri:3, instance:TestCases.TC_001_FindDoctors@384ad17b]" started-at="2024-02-28T16:42:53 IST" name="TC_003_searchCity" finished-at="2024-02-28T16:42:53 IST" duration-ms="577" status="PASS">
          <reporter-output>
          </reporter-output>
        </test-method> <!-- TC_003_searchCity -->
        <test-method signature="TC_004_searchSpecialityDentist()[pri:4, instance:TestCases.TC_001_FindDoctors@384ad17b]" started-at="2024-02-28T16:42:54 IST" name="TC_004_searchSpecialityDentist" finished-at="2024-02-28T16:43:01 IST" duration-ms="6912" status="PASS">
          <reporter-output>
          </reporter-output>
        </test-method> <!-- TC_004_searchSpecialityDentist -->
        <test-method signature="TC_005_selectPatientStory()[pri:5, instance:TestCases.TC_001_FindDoctors@384ad17b]" started-at="2024-02-28T16:43:01 IST" name="TC_005_selectPatientStory" finished-at="2024-02-28T16:43:02 IST" duration-ms="1336" status="PASS">
          <reporter-output>
          </reporter-output>
        </test-method> <!-- TC_005_selectPatientStory -->
        <test-method signature="TC_006_selectExperience()[pri:6, instance:TestCases.TC_001_FindDoctors@384ad17b]" started-at="2024-02-28T16:43:05 IST" name="TC_006_selectExperience" finished-at="2024-02-28T16:43:06 IST" duration-ms="1496" status="PASS">
          <reporter-output>
          </reporter-output>
        </test-method> <!-- TC_006_selectExperience -->
        <test-method signature="TC_007_selectFeesandAvailability()[pri:7, instance:TestCases.TC_001_FindDoctors@384ad17b]" started-at="2024-02-28T16:43:09 IST" name="TC_007_selectFeesandAvailability" finished-at="2024-02-28T16:43:13 IST" duration-ms="4393" status="PASS">
          <reporter-output>
          </reporter-output>
        </test-method> <!-- TC_007_selectFeesandAvailability -->
        <test-method signature="TC_008_selectRelevance()[pri:8, instance:TestCases.TC_001_FindDoctors@384ad17b]" started-at="2024-02-28T16:43:15 IST" name="TC_008_selectRelevance" finished-at="2024-02-28T16:43:18 IST" duration-ms="2800" status="PASS">
          <reporter-output>
          </reporter-output>
        </test-method> <!-- TC_008_selectRelevance -->
        <test-method signature="TC_09_extractDoctorDetails()[pri:9, instance:TestCases.TC_001_FindDoctors@384ad17b]" started-at="2024-02-28T16:43:18 IST" name="TC_09_extractDoctorDetails" finished-at="2024-02-28T16:43:25 IST" duration-ms="6578" status="FAIL">
          <exception class="java.lang.IndexOutOfBoundsException">
            <message>
              <![CDATA[Index 2 out of bounds for length 2]]>
            </message>
            <full-stacktrace>
              <![CDATA[java.lang.IndexOutOfBoundsException: Index 2 out of bounds for length 2
at java.base/jdk.internal.util.Preconditions.outOfBounds(Preconditions.java:64)
at java.base/jdk.internal.util.Preconditions.outOfBoundsCheckIndex(Preconditions.java:70)
at java.base/jdk.internal.util.Preconditions.checkIndex(Preconditions.java:248)
at java.base/java.util.Objects.checkIndex(Objects.java:373)
at java.base/java.util.ArrayList.get(ArrayList.java:425)
at java.base/jdk.internal.reflect.NativeMethodAccessorImpl.invoke0(Native Method)
at java.base/jdk.internal.reflect.NativeMethodAccessorImpl.invoke(NativeMethodAccessorImpl.java:62)
at java.base/jdk.internal.reflect.DelegatingMethodAccessorImpl.invoke(DelegatingMethodAccessorImpl.java:43)
at java.base/java.lang.reflect.Method.invoke(Method.java:567)
at org.openqa.selenium.support.pagefactory.internal.LocatingElementListHandler.invoke(LocatingElementListHandler.java:39)
at com.sun.proxy.$Proxy28.get(Unknown Source)
at PageObject.FindDoctorsPage.extractDoctorsDetails(FindDoctorsPage.java:165)
at TestCases.TC_001_FindDoctors.TC_09_extractDoctorDetails(TC_001_FindDoctors.java:103)
at java.base/jdk.internal.reflect.NativeMethodAccessorImpl.invoke0(Native Method)
at java.base/jdk.internal.reflect.NativeMethodAccessorImpl.invoke(NativeMethodAccessorImpl.java:62)
at java.base/jdk.internal.reflect.DelegatingMethodAccessorImpl.invoke(DelegatingMethodAccessorImpl.java:43)
at java.base/java.lang.reflect.Method.invoke(Method.java:567)
at org.testng.internal.MethodInvocationHelper.invokeMethod(MethodInvocationHelper.java:133)
at org.testng.internal.TestInvoker.invokeMethod(TestInvoker.java:598)
at org.testng.internal.TestInvoker.invokeTestMethod(TestInvoker.java:173)
at org.testng.internal.MethodRunner.runInSequence(MethodRunner.java:46)
at org.testng.internal.TestInvoker$MethodInvocationAgent.invoke(TestInvoker.java:824)
at org.testng.internal.TestInvoker.invokeTestMethods(TestInvoker.java:146)
at org.testng.internal.TestMethodWorker.invokeTestMethods(TestMethodWorker.java:146)
at org.testng.internal.TestMethodWorker.run(TestMethodWorker.java:128)
at java.base/java.util.ArrayList.forEach(ArrayList.java:1507)
at org.testng.TestRunner.privateRun(TestRunner.java:794)
at org.testng.TestRunner.run(TestRunner.java:596)
at org.testng.SuiteRunner.runTest(SuiteRunner.java:377)
at org.testng.SuiteRunner.runSequentially(SuiteRunner.java:371)
at org.testng.SuiteRunner.privateRun(SuiteRunner.java:332)
at org.testng.SuiteRunner.run(SuiteRunner.java:276)
at org.testng.SuiteRunnerWorker.runSuite(SuiteRunnerWorker.java:53)
at org.testng.SuiteRunnerWorker.run(SuiteRunnerWorker.java:96)
at org.testng.TestNG.runSuitesSequentially(TestNG.java:1212)
at org.testng.TestNG.runSuitesLocally(TestNG.java:1134)
at org.testng.TestNG.runSuites(TestNG.java:1063)
at org.testng.TestNG.run(TestNG.java:1031)
at org.apache.maven.surefire.testng.TestNGExecutor.run(TestNGExecutor.java:308)
at org.apache.maven.surefire.testng.TestNGXmlTestSuite.execute(TestNGXmlTestSuite.java:71)
at org.apache.maven.surefire.testng.TestNGProvider.invoke(TestNGProvider.java:113)
at org.apache.maven.surefire.booter.ForkedBooter.runSuitesInProcess(ForkedBooter.java:385)
at org.apache.maven.surefire.booter.ForkedBooter.execute(ForkedBooter.java:162)
at org.apache.maven.surefire.booter.ForkedBooter.run(ForkedBooter.java:507)
at org.apache.maven.surefire.booter.ForkedBooter.main(ForkedBooter.java:495)
]]>
            </full-stacktrace>
          </exception> <!-- java.lang.IndexOutOfBoundsException -->
          <reporter-output>
          </reporter-output>
        </test-method> <!-- TC_09_extractDoctorDetails -->
        <test-method is-config="true" signature="tearDown()[pri:0, instance:TestCases.TC_001_FindDoctors@384ad17b]" started-at="2024-02-28T16:44:12 IST" name="tearDown" finished-at="2024-02-28T16:44:13 IST" duration-ms="1310" status="PASS">
          <reporter-output>
          </reporter-output>
        </test-method> <!-- tearDown -->
      </class> <!-- TestCases.TC_001_FindDoctors -->
      <class name="TestCases.TC_002_PopularSurgeries">
        <test-method signature="TC_010_displayAllSurgeries()[pri:10, instance:TestCases.TC_002_PopularSurgeries@52e6fdee]" started-at="2024-02-28T16:43:25 IST" name="TC_010_displayAllSurgeries" finished-at="2024-02-28T16:43:30 IST" duration-ms="4939" status="FAIL">
          <exception class="java.lang.IllegalArgumentException">
            <message>
              <![CDATA[The workbook already contains a sheet named 'List of Surgeries']]>
            </message>
            <full-stacktrace>
              <![CDATA[java.lang.IllegalArgumentException: The workbook already contains a sheet named 'List of Surgeries'
at org.apache.poi.xssf.usermodel.XSSFWorkbook.validateSheetName(XSSFWorkbook.java:959)
at org.apache.poi.xssf.usermodel.XSSFWorkbook.createSheet(XSSFWorkbook.java:903)
at Utilities.ExcelUtils.saveToExcelSurgeriesList(ExcelUtils.java:51)
at TestCases.TC_002_PopularSurgeries.TC_010_displayAllSurgeries(TC_002_PopularSurgeries.java:31)
at java.base/jdk.internal.reflect.NativeMethodAccessorImpl.invoke0(Native Method)
at java.base/jdk.internal.reflect.NativeMethodAccessorImpl.invoke(NativeMethodAccessorImpl.java:62)
at java.base/jdk.internal.reflect.DelegatingMethodAccessorImpl.invoke(DelegatingMethodAccessorImpl.java:43)
at java.base/java.lang.reflect.Method.invoke(Method.java:567)
at org.testng.internal.MethodInvocationHelper.invokeMethod(MethodInvocationHelper.java:133)
at org.testng.internal.TestInvoker.invokeMethod(TestInvoker.java:598)
at org.testng.internal.TestInvoker.invokeTestMethod(TestInvoker.java:173)
at org.testng.internal.MethodRunner.runInSequence(MethodRunner.java:46)
at org.testng.internal.TestInvoker$MethodInvocationAgent.invoke(TestInvoker.java:824)
at org.testng.internal.TestInvoker.invokeTestMethods(TestInvoker.java:146)
at org.testng.internal.TestMethodWorker.invokeTestMethods(TestMethodWorker.java:146)
at org.testng.internal.TestMethodWorker.run(TestMethodWorker.java:128)
at java.base/java.util.ArrayList.forEach(ArrayList.java:1507)
at org.testng.TestRunner.privateRun(TestRunner.java:794)
at org.testng.TestRunner.run(TestRunner.java:596)
at org.testng.SuiteRunner.runTest(SuiteRunner.java:377)
at org.testng.SuiteRunner.runSequentially(SuiteRunner.java:371)
at org.testng.SuiteRunner.privateRun(SuiteRunner.java:332)
at org.testng.SuiteRunner.run(SuiteRunner.java:276)
at org.testng.SuiteRunnerWorker.runSuite(SuiteRunnerWorker.java:53)
at org.testng.SuiteRunnerWorker.run(SuiteRunnerWorker.java:96)
at org.testng.TestNG.runSuitesSequentially(TestNG.java:1212)
at org.testng.TestNG.runSuitesLocally(TestNG.java:1134)
at org.testng.TestNG.runSuites(TestNG.java:1063)
at org.testng.TestNG.run(TestNG.java:1031)
at org.apache.maven.surefire.testng.TestNGExecutor.run(TestNGExecutor.java:308)
at org.apache.maven.surefire.testng.TestNGXmlTestSuite.execute(TestNGXmlTestSuite.java:71)
at org.apache.maven.surefire.testng.TestNGProvider.invoke(TestNGProvider.java:113)
at org.apache.maven.surefire.booter.ForkedBooter.runSuitesInProcess(ForkedBooter.java:385)
at org.apache.maven.surefire.booter.ForkedBooter.execute(ForkedBooter.java:162)
at org.apache.maven.surefire.booter.ForkedBooter.run(ForkedBooter.java:507)
at org.apache.maven.surefire.booter.ForkedBooter.main(ForkedBooter.java:495)
]]>
            </full-stacktrace>
          </exception> <!-- java.lang.IllegalArgumentException -->
          <reporter-output>
          </reporter-output>
        </test-method> <!-- TC_010_displayAllSurgeries -->
      </class> <!-- TestCases.TC_002_PopularSurgeries -->
    </test> <!-- ChromeTest -->
  </suite> <!-- Suite -->
</testng-results>
